<?xml version="1.0" encoding="UTF-8"?>
<!-- Generated by org.testng.reporters.JUnitXMLReporter -->
<testsuite ignored="0" hostname="Balajis-Air" failures="0" tests="4" name="Test" time="81.762" errors="0" timestamp="2022-03-12T21:09:10 IST">
  <testcase classname="EndToEnd.SeleniumProject.ValidaateTitle" name="validateHeader" time="0.209"/>
  <testcase classname="EndToEnd.SeleniumProject.ValidaateTitle" name="validatetitle" time="1.714"/>
  <testcase classname="EndToEnd.SeleniumProject.HomePage" name="basePageNavigation" time="3.761"/>
  <testcase classname="EndToEnd.SeleniumProject.HomePage" name="basePageNavigation" time="3.301"/>
</testsuite> <!-- Test -->
