<?xml version="1.0" encoding="UTF-8"?>
<testng-results ignored="0" total="3" passed="2" failed="1" skipped="0">
  <reporter-output>
  </reporter-output>
  <suite started-at="2022-02-28T17:16:46 IST" name="Suite" finished-at="2022-02-28T17:17:42 IST" duration-ms="56909">
    <groups>
    </groups>
    <test started-at="2022-02-28T17:16:46 IST" name="Test" finished-at="2022-02-28T17:17:42 IST" duration-ms="56909">
      <class name="EndToEnd.SeleniumProject.HomePage">
        <test-method is-config="true" signature="intialise()[pri:0, instance:EndToEnd.SeleniumProject.HomePage@63fd4873]" started-at="2022-02-28T17:16:46 IST" name="intialise" finished-at="2022-02-28T17:17:16 IST" duration-ms="30168" status="PASS">
          <reporter-output>
          </reporter-output>
        </test-method> <!-- intialise -->
        <test-method signature="basePageNavigation(java.lang.String, java.lang.String, java.lang.String)[pri:0, instance:EndToEnd.SeleniumProject.HomePage@63fd4873]" started-at="2022-02-28T17:17:16 IST" name="basePageNavigation" data-provider="getdata" finished-at="2022-02-28T17:17:23 IST" duration-ms="7022" status="PASS">
          <params>
            <param index="0">
              <value>
                <![CDATA[nonresticteduser.com]]>
              </value>
            </param>
            <param index="1">
              <value>
                <![CDATA[password]]>
              </value>
            </param>
            <param index="2">
              <value>
                <![CDATA[non restricted user]]>
              </value>
            </param>
          </params>
          <reporter-output>
          </reporter-output>
        </test-method> <!-- basePageNavigation -->
        <test-method is-config="true" signature="Close()[pri:0, instance:EndToEnd.SeleniumProject.HomePage@63fd4873]" started-at="2022-02-28T17:17:23 IST" name="Close" finished-at="2022-02-28T17:17:23 IST" duration-ms="107" status="PASS">
          <reporter-output>
          </reporter-output>
        </test-method> <!-- Close -->
        <test-method is-config="true" signature="intialise()[pri:0, instance:EndToEnd.SeleniumProject.HomePage@63fd4873]" started-at="2022-02-28T17:17:23 IST" name="intialise" finished-at="2022-02-28T17:17:40 IST" duration-ms="16757" status="PASS">
          <reporter-output>
          </reporter-output>
        </test-method> <!-- intialise -->
        <test-method signature="basePageNavigation(java.lang.String, java.lang.String, java.lang.String)[pri:0, instance:EndToEnd.SeleniumProject.HomePage@63fd4873]" started-at="2022-02-28T17:17:40 IST" name="basePageNavigation" data-provider="getdata" finished-at="2022-02-28T17:17:42 IST" duration-ms="2297" status="FAIL">
          <params>
            <param index="0">
              <value>
                <![CDATA[resticteduser.com]]>
              </value>
            </param>
            <param index="1">
              <value>
                <![CDATA[password]]>
              </value>
            </param>
            <param index="2">
              <value>
                <![CDATA[restricted user]]>
              </value>
            </param>
          </params>
          <exception class="org.openqa.selenium.ElementClickInterceptedException">
            <message>
              <![CDATA[element click intercepted: Element <a href="https://rahulshettyacademy.com/sign_in/">...</a> is not clickable at point (758, 16). Other element would receive the click: <div class="listbuilder-popup-content">...</div>
  (Session info: headless chrome=98.0.4758.109)
Build info: version: '4.1.2', revision: '9a5a329c5a'
System info: host: 'Balajis-MacBook-Air.local', ip: 'fe80:0:0:0:1009:c3a4:9b67:dd20%en0', os.name: 'Mac OS X', os.arch: 'x86_64', os.version: '10.14.6', java.version: '11.0.13'
Driver info: org.openqa.selenium.chrome.ChromeDriver
Command: [4398d913bd9868c49f2da502690c2638, clickElement {id=e7d6d39b-87e9-4b62-8750-93dfbc5db1e6}]
Capabilities {acceptInsecureCerts: false, browserName: chrome, browserVersion: 98.0.4758.109, chrome: {chromedriverVersion: 97.0.4692.36 (747e0a0f19c13..., userDataDir: /var/folders/lj/pl5pn49x0jg...}, goog:chromeOptions: {debuggerAddress: localhost:52750}, javascriptEnabled: true, networkConnectionEnabled: false, pageLoadStrategy: normal, platform: MAC, platformName: MAC, proxy: Proxy(), se:cdp: ws://localhost:52750/devtoo..., se:cdpVersion: 98.0.4758.109, setWindowRect: true, strictFileInteractability: false, timeouts: {implicit: 0, pageLoad: 300000, script: 30000}, unhandledPromptBehavior: dismiss and notify, webauthn:extension:credBlob: true, webauthn:extension:largeBlob: true, webauthn:virtualAuthenticators: true}
Element: [[ChromeDriver: chrome on MAC (4398d913bd9868c49f2da502690c2638)] -> css selector: a[href*='sign_in']]
Session ID: 4398d913bd9868c49f2da502690c2638]]>
            </message>
            <full-stacktrace>
              <![CDATA[org.openqa.selenium.ElementClickInterceptedException: element click intercepted: Element <a href="https://rahulshettyacademy.com/sign_in/">...</a> is not clickable at point (758, 16). Other element would receive the click: <div class="listbuilder-popup-content">...</div>
  (Session info: headless chrome=98.0.4758.109)
Build info: version: '4.1.2', revision: '9a5a329c5a'
System info: host: 'Balajis-MacBook-Air.local', ip: 'fe80:0:0:0:1009:c3a4:9b67:dd20%en0', os.name: 'Mac OS X', os.arch: 'x86_64', os.version: '10.14.6', java.version: '11.0.13'
Driver info: org.openqa.selenium.chrome.ChromeDriver
Command: [4398d913bd9868c49f2da502690c2638, clickElement {id=e7d6d39b-87e9-4b62-8750-93dfbc5db1e6}]
Capabilities {acceptInsecureCerts: false, browserName: chrome, browserVersion: 98.0.4758.109, chrome: {chromedriverVersion: 97.0.4692.36 (747e0a0f19c13..., userDataDir: /var/folders/lj/pl5pn49x0jg...}, goog:chromeOptions: {debuggerAddress: localhost:52750}, javascriptEnabled: true, networkConnectionEnabled: false, pageLoadStrategy: normal, platform: MAC, platformName: MAC, proxy: Proxy(), se:cdp: ws://localhost:52750/devtoo..., se:cdpVersion: 98.0.4758.109, setWindowRect: true, strictFileInteractability: false, timeouts: {implicit: 0, pageLoad: 300000, script: 30000}, unhandledPromptBehavior: dismiss and notify, webauthn:extension:credBlob: true, webauthn:extension:largeBlob: true, webauthn:virtualAuthenticators: true}
Element: [[ChromeDriver: chrome on MAC (4398d913bd9868c49f2da502690c2638)] -> css selector: a[href*='sign_in']]
Session ID: 4398d913bd9868c49f2da502690c2638
at java.base/jdk.internal.reflect.NativeConstructorAccessorImpl.newInstance0(Native Method)
at java.base/jdk.internal.reflect.NativeConstructorAccessorImpl.newInstance(NativeConstructorAccessorImpl.java:62)
at java.base/jdk.internal.reflect.DelegatingConstructorAccessorImpl.newInstance(DelegatingConstructorAccessorImpl.java:45)
at java.base/java.lang.reflect.Constructor.newInstance(Constructor.java:490)
at org.openqa.selenium.remote.codec.w3c.W3CHttpResponseCodec.createException(W3CHttpResponseCodec.java:200)
at org.openqa.selenium.remote.codec.w3c.W3CHttpResponseCodec.decode(W3CHttpResponseCodec.java:133)
at org.openqa.selenium.remote.codec.w3c.W3CHttpResponseCodec.decode(W3CHttpResponseCodec.java:53)
at org.openqa.selenium.remote.HttpCommandExecutor.execute(HttpCommandExecutor.java:184)
at org.openqa.selenium.remote.service.DriverCommandExecutor.invokeExecute(DriverCommandExecutor.java:167)
at org.openqa.selenium.remote.service.DriverCommandExecutor.execute(DriverCommandExecutor.java:142)
at org.openqa.selenium.remote.RemoteWebDriver.execute(RemoteWebDriver.java:558)
at org.openqa.selenium.remote.RemoteWebElement.execute(RemoteWebElement.java:251)
at org.openqa.selenium.remote.RemoteWebElement.click(RemoteWebElement.java:77)
at pageObjects.LandingPage.getLogin(LandingPage.java:24)
at EndToEnd.SeleniumProject.HomePage.basePageNavigation(HomePage.java:44)
at java.base/jdk.internal.reflect.NativeMethodAccessorImpl.invoke0(Native Method)
at java.base/jdk.internal.reflect.NativeMethodAccessorImpl.invoke(NativeMethodAccessorImpl.java:62)
at java.base/jdk.internal.reflect.DelegatingMethodAccessorImpl.invoke(DelegatingMethodAccessorImpl.java:43)
at java.base/java.lang.reflect.Method.invoke(Method.java:566)
at org.testng.internal.MethodInvocationHelper.invokeMethod(MethodInvocationHelper.java:134)
at org.testng.internal.TestInvoker.invokeMethod(TestInvoker.java:597)
at org.testng.internal.TestInvoker.invokeTestMethod(TestInvoker.java:173)
at org.testng.internal.MethodRunner.runInSequence(MethodRunner.java:46)
at org.testng.internal.TestInvoker$MethodInvocationAgent.invoke(TestInvoker.java:816)
at org.testng.internal.TestInvoker.invokeTestMethods(TestInvoker.java:146)
at org.testng.internal.TestMethodWorker.invokeTestMethods(TestMethodWorker.java:146)
at org.testng.internal.TestMethodWorker.run(TestMethodWorker.java:128)
at java.base/java.util.concurrent.ThreadPoolExecutor.runWorker(ThreadPoolExecutor.java:1128)
at java.base/java.util.concurrent.ThreadPoolExecutor$Worker.run(ThreadPoolExecutor.java:628)
at java.base/java.lang.Thread.run(Thread.java:834)
]]>
            </full-stacktrace>
          </exception> <!-- org.openqa.selenium.ElementClickInterceptedException -->
          <reporter-output>
          </reporter-output>
        </test-method> <!-- basePageNavigation -->
        <test-method is-config="true" signature="Close()[pri:0, instance:EndToEnd.SeleniumProject.HomePage@63fd4873]" started-at="2022-02-28T17:17:42 IST" name="Close" finished-at="2022-02-28T17:17:42 IST" duration-ms="124" status="PASS">
          <reporter-output>
          </reporter-output>
        </test-method> <!-- Close -->
      </class> <!-- EndToEnd.SeleniumProject.HomePage -->
      <class name="EndToEnd.SeleniumProject.ValidaateTitle">
        <test-method is-config="true" signature="intialise()[pri:0, instance:EndToEnd.SeleniumProject.ValidaateTitle@1e11bc55]" started-at="2022-02-28T17:16:46 IST" name="intialise" finished-at="2022-02-28T17:17:17 IST" duration-ms="31901" status="PASS">
          <reporter-output>
          </reporter-output>
        </test-method> <!-- intialise -->
        <test-method signature="basePageNavigation1()[pri:0, instance:EndToEnd.SeleniumProject.ValidaateTitle@1e11bc55]" started-at="2022-02-28T17:17:17 IST" name="basePageNavigation1" finished-at="2022-02-28T17:17:19 IST" duration-ms="2028" status="PASS">
          <reporter-output>
          </reporter-output>
        </test-method> <!-- basePageNavigation1 -->
        <test-method is-config="true" signature="Close()[pri:0, instance:EndToEnd.SeleniumProject.ValidaateTitle@1e11bc55]" started-at="2022-02-28T17:17:20 IST" name="Close" finished-at="2022-02-28T17:17:20 IST" duration-ms="170" status="PASS">
          <reporter-output>
          </reporter-output>
        </test-method> <!-- Close -->
      </class> <!-- EndToEnd.SeleniumProject.ValidaateTitle -->
    </test> <!-- Test -->
  </suite> <!-- Suite -->
</testng-results>
