<?xml version="1.0" encoding="UTF-8"?>
<testsuite xmlns:xsi="http://www.w3.org/2001/XMLSchema-instance" xsi:noNamespaceSchemaLocation="https://maven.apache.org/surefire/maven-surefire-plugin/xsd/surefire-test-report-3.0.xsd" version="3.0" name="TestSuite" time="70.168" tests="3" errors="0" skipped="0" failures="1">
  <properties>
[...]
</properties>
  <testcase name="basePageNavigation1" classname="EndToEnd.SeleniumProject.ValidaateTitle" time="2.04">
    <system-out><![CDATA[17:16:50.973 [TestNG-test=Test-1] INFO  EndToEnd.SeleniumProject.HomePage - chromeheadlessIs Initialised
17:16:50.974 [TestNG-test=Test-2] INFO  EndToEnd.SeleniumProject.ValidaateTitle - chromeheadlessIs Initialised
17:17:16.269 [TestNG-test=Test-1] INFO  EndToEnd.SeleniumProject.HomePage - http://www.qaclickacademy.com/url entered
/Users/webileapps/Documents/Eclipse Workspace/SeleniumProject
17:17:16.294 [TestNG-test=Test-1] INFO  EndToEnd.SeleniumProject.HomePage - object created for landing page
17:17:17.299 [TestNG-test=Test-1] INFO  EndToEnd.SeleniumProject.HomePage - Waited for 1000ms
17:17:17.965 [TestNG-test=Test-2] INFO  EndToEnd.SeleniumProject.ValidaateTitle - url entered
17:17:19.526 [TestNG-test=Test-2] INFO  EndToEnd.SeleniumProject.ValidaateTitle - popup is displayed and close icon is displayed  
17:17:19.574 [TestNG-test=Test-2] INFO  EndToEnd.SeleniumProject.ValidaateTitle - close link at popup is enabled
17:17:19.580 [TestNG-test=Test-1] INFO  EndToEnd.SeleniumProject.HomePage - popup closed
17:17:19.816 [TestNG-test=Test-2] INFO  EndToEnd.SeleniumProject.ValidaateTitle - popup is clossed
17:17:19.936 [TestNG-test=Test-2] INFO  EndToEnd.SeleniumProject.ValidaateTitle - Text is FEATURED COURSES
17:17:19.985 [TestNG-test=Test-2] INFO  EndToEnd.SeleniumProject.ValidaateTitle - navigation bar is displayed
17:17:19.994 [TestNG-test=Test-2] INFO  EndToEnd.SeleniumProject.ValidaateTitle - test execution is completed even after assertion is failed 
]]></system-out>
    <system-err><![CDATA[SLF4J: Failed to load class "org.slf4j.impl.StaticMDCBinder".
SLF4J: Defaulting to no-operation MDCAdapter implementation.
SLF4J: See http://www.slf4j.org/codes.html#no_static_mdc_binder for further details.
SLF4J: Failed to load class "org.slf4j.impl.StaticLoggerBinder".
SLF4J: Defaulting to no-operation (NOP) logger implementation
SLF4J: See http://www.slf4j.org/codes.html#StaticLoggerBinder for further details.
SSttaarrttiinngg  CChhrroomeDrmeDrivierv er9 797..0.04.4692.36962.3 6 ((774477ee00aa00ff1919c1c31c3aca66eeee113636220000ff5b50b90974744488aaee44889922ff--rreeffss//bbrraanncchh--hheeaaddss//44669922@@{{##660077}}))  oonn  pport o5r1t0 7459
56Only local c5o
nOnnely lcocal connecttiioonns sar e aarlleo weadl.
lPloewasee ds.ee
 hPttlpse:a//schero mseeed rhttpisv:e//crh.rocmhedrroimvieurm.c.horrogm/iseumc.uorityr-cgon/ssideecruartiity-ons fcoonrs idseurggaetisotniso nfso ron  skueggepeisntigo Cnshr oonm eDkeeping ChrormiveeDrr sivaerf se.
afe.
ChromeDriver was started sCuhcrcoemseDrivesrf uwlalsy .s
tarted successfully.
[1[1646640640848809.181][WARNING]8: This version of ChromeDriver has not been tested with Chrome version 98.
09.181][WARNING]: This version of ChromeDriver has not been tested with Chrome version 98.
Feb 28, 2022 5:16:50 PM org.openqa.selenium.remote.ProtocolHandshake createSession
INFO: Detected dialect: W3C
Feb 28, 2022 5:16:50 PM org.openqa.selenium.remote.ProtocolHandshake createSession
INFO: Detected dialect: W3C
Feb 28, 2022 5:16:50 PM org.openqa.selenium.devtools.CdpVersionFinder findNearestMatch
WARNING: Unable to find an exact match for CDP version 98, so returning the closest version found: 97
Feb 28, 2022 5:16:50 PM org.openqa.selenium.devtools.CdpVersionFinder findNearestMatch
INFO: Found CDP implementation for version 98 of 97
Feb 28, 2022 5:16:50 PM org.openqa.selenium.devtools.CdpVersionFinder findNearestMatch
WARNING: Unable to find an exact match for CDP version 98, so returning the closest version found: 97
Feb 28, 2022 5:16:50 PM org.openqa.selenium.devtools.CdpVersionFinder findNearestMatch
INFO: Found CDP implementation for version 98 of 97
]]></system-err>
  </testcase>
  <testcase name="basePageNavigation[nonresticteduser.com, password, non restricted user](1)" classname="EndToEnd.SeleniumProject.HomePage" time="5.328">
    <system-out><![CDATA[17:17:20.177 [TestNG-test=Test-2] INFO  EndToEnd.SeleniumProject.ValidaateTitle - chromeheadlesswindow is closed
17:17:22.519 [TestNG-test=Test-1] INFO  EndToEnd.SeleniumProject.HomePage - Navigated to login page 
17:17:22.689 [TestNG-test=Test-1] INFO  EndToEnd.SeleniumProject.HomePage - Email Id entered fornon restricted user
17:17:22.763 [TestNG-test=Test-1] INFO  EndToEnd.SeleniumProject.HomePage - password entered fornon restricted user
17:17:22.763 [TestNG-test=Test-1] INFO  EndToEnd.SeleniumProject.HomePage - non restricted user
17:17:22.876 [TestNG-test=Test-1] INFO  EndToEnd.SeleniumProject.HomePage - Clicked on login button 
17:17:23.160 [TestNG-test=Test-1] INFO  EndToEnd.SeleniumProject.HomePage - navigated to forgot passsword page 
17:17:23.228 [TestNG-test=Test-1] INFO  EndToEnd.SeleniumProject.HomePage - Email id entered 
17:17:23.294 [TestNG-test=Test-1] INFO  EndToEnd.SeleniumProject.HomePage - Clicked on instruction button
]]></system-out>
  </testcase>
  <testcase name="basePageNavigation[resticteduser.com, password, restricted user](2)" classname="EndToEnd.SeleniumProject.HomePage" time="2.662">
    <failure message="element click intercepted: Element &lt;a href=&quot;https://rahulshettyacademy.com/sign_in/&quot;&gt;...&lt;/a&gt; is not clickable at point (758, 16). Other element would receive the click: &lt;div class=&quot;listbuilder-popup-content&quot;&gt;...&lt;/div&gt;&#10;  (Session info: headless chrome=98.0.4758.109)&#10;Build info: version: &apos;4.1.2&apos;, revision: &apos;9a5a329c5a&apos;&#10;System info: host: &apos;Balajis-MacBook-Air.local&apos;, ip: &apos;fe80:0:0:0:1009:c3a4:9b67:dd20%en0&apos;, os.name: &apos;Mac OS X&apos;, os.arch: &apos;x86_64&apos;, os.version: &apos;10.14.6&apos;, java.version: &apos;11.0.13&apos;&#10;Driver info: org.openqa.selenium.chrome.ChromeDriver&#10;Command: [4398d913bd9868c49f2da502690c2638, clickElement {id=e7d6d39b-87e9-4b62-8750-93dfbc5db1e6}]&#10;Capabilities {acceptInsecureCerts: false, browserName: chrome, browserVersion: 98.0.4758.109, chrome: {chromedriverVersion: 97.0.4692.36 (747e0a0f19c13..., userDataDir: /var/folders/lj/pl5pn49x0jg...}, goog:chromeOptions: {debuggerAddress: localhost:52750}, javascriptEnabled: true, networkConnectionEnabled: false, pageLoadStrategy: normal, platform: MAC, platformName: MAC, proxy: Proxy(), se:cdp: ws://localhost:52750/devtoo..., se:cdpVersion: 98.0.4758.109, setWindowRect: true, strictFileInteractability: false, timeouts: {implicit: 0, pageLoad: 300000, script: 30000}, unhandledPromptBehavior: dismiss and notify, webauthn:extension:credBlob: true, webauthn:extension:largeBlob: true, webauthn:virtualAuthenticators: true}&#10;Element: [[ChromeDriver: chrome on MAC (4398d913bd9868c49f2da502690c2638)] -&gt; css selector: a[href*=&apos;sign_in&apos;]]&#10;Session ID: 4398d913bd9868c49f2da502690c2638" type="org.openqa.selenium.ElementClickInterceptedException"><![CDATA[org.openqa.selenium.ElementClickInterceptedException: 
element click intercepted: Element <a href="https://rahulshettyacademy.com/sign_in/">...</a> is not clickable at point (758, 16). Other element would receive the click: <div class="listbuilder-popup-content">...</div>
  (Session info: headless chrome=98.0.4758.109)
Build info: version: '4.1.2', revision: '9a5a329c5a'
System info: host: 'Balajis-MacBook-Air.local', ip: 'fe80:0:0:0:1009:c3a4:9b67:dd20%en0', os.name: 'Mac OS X', os.arch: 'x86_64', os.version: '10.14.6', java.version: '11.0.13'
Driver info: org.openqa.selenium.chrome.ChromeDriver
Command: [4398d913bd9868c49f2da502690c2638, clickElement {id=e7d6d39b-87e9-4b62-8750-93dfbc5db1e6}]
Capabilities {acceptInsecureCerts: false, browserName: chrome, browserVersion: 98.0.4758.109, chrome: {chromedriverVersion: 97.0.4692.36 (747e0a0f19c13..., userDataDir: /var/folders/lj/pl5pn49x0jg...}, goog:chromeOptions: {debuggerAddress: localhost:52750}, javascriptEnabled: true, networkConnectionEnabled: false, pageLoadStrategy: normal, platform: MAC, platformName: MAC, proxy: Proxy(), se:cdp: ws://localhost:52750/devtoo..., se:cdpVersion: 98.0.4758.109, setWindowRect: true, strictFileInteractability: false, timeouts: {implicit: 0, pageLoad: 300000, script: 30000}, unhandledPromptBehavior: dismiss and notify, webauthn:extension:credBlob: true, webauthn:extension:largeBlob: true, webauthn:virtualAuthenticators: true}
Element: [[ChromeDriver: chrome on MAC (4398d913bd9868c49f2da502690c2638)] -> css selector: a[href*='sign_in']]
Session ID: 4398d913bd9868c49f2da502690c2638
	at EndToEnd.SeleniumProject.HomePage.basePageNavigation(HomePage.java:44)
]]></failure>
    <system-out><![CDATA[17:17:23.402 [TestNG-test=Test-1] INFO  EndToEnd.SeleniumProject.HomePage - chromeheadlesswindow is closed
17:17:24.444 [TestNG-test=Test-1] INFO  EndToEnd.SeleniumProject.HomePage - chromeheadlessIs Initialised
17:17:40.159 [TestNG-test=Test-1] INFO  EndToEnd.SeleniumProject.HomePage - http://www.qaclickacademy.com/url entered
/Users/webileapps/Documents/Eclipse Workspace/SeleniumProject
17:17:40.160 [TestNG-test=Test-1] INFO  EndToEnd.SeleniumProject.HomePage - object created for landing page
17:17:41.163 [TestNG-test=Test-1] INFO  EndToEnd.SeleniumProject.HomePage - Waited for 1000ms
17:17:41.347 [TestNG-test=Test-1] INFO  EndToEnd.SeleniumProject.HomePage - popup closed
]]></system-out>
    <system-err><![CDATA[Starting ChromeDriver 97.0.4692.36 (747e0a0f19c13ca6ee136200f5b097448ae4892f-refs/branch-heads/4692@{#607}) on port 52417
Only local connections are allowed.
Please see https://chromedriver.chromium.org/security-considerations for suggestions on keeping ChromeDriver safe.
ChromeDriver was started successfully.
[1646048844.026][WARNING]: This version of ChromeDriver has not been tested with Chrome version 98.
Feb 28, 2022 5:17:24 PM org.openqa.selenium.remote.ProtocolHandshake createSession
INFO: Detected dialect: W3C
Feb 28, 2022 5:17:24 PM org.openqa.selenium.devtools.CdpVersionFinder findNearestMatch
WARNING: Unable to find an exact match for CDP version 98, so returning the closest version found: 97
Feb 28, 2022 5:17:24 PM org.openqa.selenium.devtools.CdpVersionFinder findNearestMatch
INFO: Found CDP implementation for version 98 of 97
]]></system-err>
  </testcase>
</testsuite>