<?xml version="1.0" encoding="UTF-8"?>
<testng-results ignored="0" total="4" passed="4" failed="0" skipped="0">
  <reporter-output>
  </reporter-output>
  <suite started-at="2022-03-12T21:07:49 IST" name="Suite" finished-at="2022-03-12T21:09:10 IST" duration-ms="81762">
    <groups>
    </groups>
    <test started-at="2022-03-12T21:07:49 IST" name="Test" finished-at="2022-03-12T21:09:10 IST" duration-ms="81762">
      <class name="EndToEnd.SeleniumProject.HomePage">
        <test-method is-config="true" signature="intialise()[pri:0, instance:EndToEnd.SeleniumProject.HomePage@79c4715d]" started-at="2022-03-12T21:07:49 IST" name="intialise" finished-at="2022-03-12T21:08:31 IST" duration-ms="41937" status="PASS">
          <reporter-output>
          </reporter-output>
        </test-method> <!-- intialise -->
        <test-method signature="basePageNavigation(java.lang.String,java.lang.String,java.lang.String)[pri:0, instance:EndToEnd.SeleniumProject.HomePage@79c4715d]" started-at="2022-03-12T21:08:31 IST" name="basePageNavigation" data-provider="getdata" finished-at="2022-03-12T21:08:34 IST" duration-ms="3761" status="PASS">
          <params>
            <param index="0">
              <value>
                <![CDATA[nonresticteduser.com]]>
              </value>
            </param>
            <param index="1">
              <value>
                <![CDATA[password]]>
              </value>
            </param>
            <param index="2">
              <value>
                <![CDATA[non restricted user]]>
              </value>
            </param>
          </params>
          <reporter-output>
          </reporter-output>
        </test-method> <!-- basePageNavigation -->
        <test-method is-config="true" signature="Close()[pri:0, instance:EndToEnd.SeleniumProject.HomePage@79c4715d]" started-at="2022-03-12T21:08:34 IST" name="Close" finished-at="2022-03-12T21:08:35 IST" duration-ms="211" status="PASS">
          <reporter-output>
          </reporter-output>
        </test-method> <!-- Close -->
        <test-method is-config="true" signature="intialise()[pri:0, instance:EndToEnd.SeleniumProject.HomePage@79c4715d]" started-at="2022-03-12T21:08:35 IST" name="intialise" finished-at="2022-03-12T21:09:07 IST" duration-ms="32109" status="PASS">
          <reporter-output>
          </reporter-output>
        </test-method> <!-- intialise -->
        <test-method signature="basePageNavigation(java.lang.String,java.lang.String,java.lang.String)[pri:0, instance:EndToEnd.SeleniumProject.HomePage@79c4715d]" started-at="2022-03-12T21:09:07 IST" name="basePageNavigation" data-provider="getdata" finished-at="2022-03-12T21:09:10 IST" duration-ms="3301" status="PASS">
          <params>
            <param index="0">
              <value>
                <![CDATA[resticteduser.com]]>
              </value>
            </param>
            <param index="1">
              <value>
                <![CDATA[password]]>
              </value>
            </param>
            <param index="2">
              <value>
                <![CDATA[restricted user]]>
              </value>
            </param>
          </params>
          <reporter-output>
          </reporter-output>
        </test-method> <!-- basePageNavigation -->
        <test-method is-config="true" signature="Close()[pri:0, instance:EndToEnd.SeleniumProject.HomePage@79c4715d]" started-at="2022-03-12T21:09:10 IST" name="Close" finished-at="2022-03-12T21:09:10 IST" duration-ms="380" status="PASS">
          <reporter-output>
          </reporter-output>
        </test-method> <!-- Close -->
      </class> <!-- EndToEnd.SeleniumProject.HomePage -->
      <class name="EndToEnd.SeleniumProject.ValidaateTitle">
        <test-method is-config="true" signature="intialise()[pri:0, instance:EndToEnd.SeleniumProject.ValidaateTitle@4a8b5227]" started-at="2022-03-12T21:07:49 IST" name="intialise" finished-at="2022-03-12T21:08:14 IST" duration-ms="25623" status="PASS">
          <reporter-output>
          </reporter-output>
        </test-method> <!-- intialise -->
        <test-method signature="validateHeader()[pri:0, instance:EndToEnd.SeleniumProject.ValidaateTitle@4a8b5227]" started-at="2022-03-12T21:08:14 IST" name="validateHeader" finished-at="2022-03-12T21:08:14 IST" duration-ms="209" status="PASS">
          <reporter-output>
          </reporter-output>
        </test-method> <!-- validateHeader -->
        <test-method signature="validatetitle()[pri:0, instance:EndToEnd.SeleniumProject.ValidaateTitle@4a8b5227]" started-at="2022-03-12T21:08:14 IST" name="validatetitle" finished-at="2022-03-12T21:08:16 IST" duration-ms="1714" status="PASS">
          <reporter-output>
          </reporter-output>
        </test-method> <!-- validatetitle -->
        <test-method is-config="true" signature="Close()[pri:0, instance:EndToEnd.SeleniumProject.ValidaateTitle@4a8b5227]" started-at="2022-03-12T21:08:16 IST" name="Close" finished-at="2022-03-12T21:08:16 IST" duration-ms="267" status="PASS">
          <reporter-output>
          </reporter-output>
        </test-method> <!-- Close -->
      </class> <!-- EndToEnd.SeleniumProject.ValidaateTitle -->
    </test> <!-- Test -->
  </suite> <!-- Suite -->
</testng-results>
